<?xml version="1.0" encoding="UTF-8"?>
<!-- Generated by org.testng.reporters.JUnitXMLReporter -->
<testsuite hostname="ATMECSINLT-084" ignored="0" name="Test" tests="1" failures="1" timestamp="11 Sep 2019 13:44:47 GMT" time="42.77" errors="0">
  <testcase name="setup" time="26.933" classname="com.openmrs.testscript.Login">
    <failure type="java.lang.AssertionError" message="expected [Name: AAA, BBB*Gender: Male*Birthdate: 12, February, 2000*Address: VVV, WWW, XXX, YYY, ZZZ, 999999*Phone Number: 9999999999*Relatives: BBB - Parent ] but found [Name: AAA, BBB
Gender: Male
Birthdate: 12, February, 2000
Address: VVV, WWW, XXX, YYY, ZZZ, 999999
Phone Number: 9999999999
Relatives: BBB - Parent]">
      <![CDATA[java.lang.AssertionError: expected [Name: AAA, BBB*Gender: Male*Birthdate: 12, February, 2000*Address: VVV, WWW, XXX, YYY, ZZZ, 999999*Phone Number: 9999999999*Relatives: BBB - Parent ] but found [Name: AAA, BBB
Gender: Male
Birthdate: 12, February, 2000
Address: VVV, WWW, XXX, YYY, ZZZ, 999999
Phone Number: 9999999999
Relatives: BBB - Parent]
at com.openmrs.utils.UtilityFiles.assertequals(UtilityFiles.java:114)
at com.openmrs.pages.Loginpage.validation(Loginpage.java:77)
at com.openmrs.testscript.Login.setup(Login.java:24)
... Removed 31 stack frames]]>
    </failure>
  </testcase> <!-- setup -->
</testsuite> <!-- Test -->
