<?xml version="1.0" encoding="UTF-8"?>
<!-- Generated by org.testng.reporters.JUnitXMLReporter -->
<testsuite hostname="ATMECSINLT-084" ignored="0" name="Test" tests="1" failures="1" timestamp="2019-09-13T18:22:49 IST" time="28.349" errors="0">
  <testcase name="setup" time="20.446" classname="com.openmrs.testscript.Login">
    <failure type="java.lang.StringIndexOutOfBoundsException" message="String index out of range: 20">
      <![CDATA[java.lang.StringIndexOutOfBoundsException: String index out of range: 20
at java.lang.String.substring(Unknown Source)
at com.openmrs.utils.UtilityFiles.expectedresult(UtilityFiles.java:127)
at com.openmrs.pages.DataValandSubmit.validationandsubmit(DataValandSubmit.java:20)
at com.openmrs.testscript.Login.setup(Login.java:36)
at java.util.ArrayList.forEach(Unknown Source)
... Removed 31 stack frames]]>
    </failure>
  </testcase> <!-- setup -->
</testsuite> <!-- Test -->
