<?xml version="1.0" encoding="UTF-8"?>
<testsuite name="TestSuite" time="15.702" tests="1" errors="0" skipped="0" failures="1">
  <properties>
[...]
</properties>
  <testcase name="setup" classname="com.openmrs.testscript.Login" time="15.702">
    <failure type="java.lang.NullPointerException:">java.lang.NullPointerException: null
	at com.openmrs.utils.UtilityFiles.enterText(UtilityFiles.java:50)
	at com.openmrs.pages.OPRegister.OPEntry(OPRegister.java:18)
	at com.openmrs.testscript.Login.setup(Login.java:33)
</failure>
    <system-out><![CDATA[09-16-2019 12:08:04 BrowserInvoke.java INFO  [main] utilityfiles 27 - chrome has started
09-16-2019 12:08:09 log4j.java INFO  [main] reports.log4j 26 - Url loaded
09-16-2019 12:08:16 log4j.java INFO  [main] reports.log4j 26 - logged into the application
09-16-2019 12:08:20 log4j.java INFO  [main] reports.log4j 26 - Patient registration is clicked
]]></system-out>
    <system-err><![CDATA[Starting ChromeDriver 76.0.3809.126 (d80a294506b4c9d18015e755cee48f953ddc3f2f-refs/branch-heads/3809@{#1024}) on port 17317
Only local connections are allowed.
Please protect ports used by ChromeDriver and related test frameworks to prevent access by malicious code.
[1568615882.595][WARNING]: Timed out connecting to Chrome, retrying...
Sep 16, 2019 12:08:04 PM org.openqa.selenium.remote.ProtocolHandshake createSession
INFO: Detected dialect: W3C
[1568615891.856][WARNING]: Timed out connecting to Chrome, retrying...
]]></system-err>
  </testcase>
</testsuite>