<?xml version="1.0" encoding="UTF-8"?>
<testng-results skipped="0" failed="0" ignored="0" total="2" passed="2">
  <reporter-output>
  </reporter-output>
  <suite name="Default suite" duration-ms="70715" started-at="2019-09-19T05:44:18Z" finished-at="2019-09-19T05:45:29Z">
    <groups>
    </groups>
    <test name="Default test" duration-ms="70715" started-at="2019-09-19T05:44:18Z" finished-at="2019-09-19T05:45:29Z">
      <class name="com.openmrs.testscript.OpenmrsTS">
        <test-method status="PASS" signature="browsersetup()[pri:0, instance:com.openmrs.testscript.OpenmrsTS@2f4205be]" name="browsersetup" is-config="true" duration-ms="7647" started-at="2019-09-19T05:44:18Z" finished-at="2019-09-19T05:44:26Z">
          <reporter-output>
          </reporter-output>
        </test-method> <!-- browsersetup -->
        <test-method status="PASS" signature="openmrs()[pri:0, instance:com.openmrs.testscript.OpenmrsTS@2f4205be]" name="openmrs" duration-ms="62008" started-at="2019-09-19T05:44:26Z" finished-at="2019-09-19T05:45:28Z">
          <reporter-output>
          </reporter-output>
        </test-method> <!-- openmrs -->
        <test-method status="PASS" signature="reports()[pri:1, instance:com.openmrs.testscript.OpenmrsTS@2f4205be]" name="reports" duration-ms="740" started-at="2019-09-19T05:45:28Z" finished-at="2019-09-19T05:45:29Z">
          <reporter-output>
          </reporter-output>
        </test-method> <!-- reports -->
        <test-method status="PASS" signature="closeSetup()[pri:0, instance:com.openmrs.testscript.OpenmrsTS@2f4205be]" name="closeSetup" is-config="true" duration-ms="281" started-at="2019-09-19T05:45:29Z" finished-at="2019-09-19T05:45:29Z">
          <reporter-output>
          </reporter-output>
        </test-method> <!-- closeSetup -->
      </class> <!-- com.openmrs.testscript.OpenmrsTS -->
    </test> <!-- Default test -->
  </suite> <!-- Default suite -->
</testng-results>
